Determining if the pthread_create exist failed with the following output:
Change Dir: /home/evan/Dev/CG/Lab5/lab5/build/CMakeFiles/CMakeTmp

Run Build Command:/usr/bin/make "cmTryCompileExec2686263736/fast"
/usr/bin/make -f CMakeFiles/cmTryCompileExec2686263736.dir/build.make CMakeFiles/cmTryCompileExec2686263736.dir/build
make[1]: Entering directory `/home/evan/Dev/CG/Lab5/lab5/build/CMakeFiles/CMakeTmp'
/usr/bin/cmake -E cmake_progress_report /home/evan/Dev/CG/Lab5/lab5/build/CMakeFiles/CMakeTmp/CMakeFiles 1
Building C object CMakeFiles/cmTryCompileExec2686263736.dir/CheckSymbolExists.c.o
/usr/bin/cc    -o CMakeFiles/cmTryCompileExec2686263736.dir/CheckSymbolExists.c.o   -c /home/evan/Dev/CG/Lab5/lab5/build/CMakeFiles/CMakeTmp/CheckSymbolExists.c
Linking C executable cmTryCompileExec2686263736
/usr/bin/cmake -E cmake_link_script CMakeFiles/cmTryCompileExec2686263736.dir/link.txt --verbose=1
/usr/bin/cc       CMakeFiles/cmTryCompileExec2686263736.dir/CheckSymbolExists.c.o  -o cmTryCompileExec2686263736 -rdynamic 
CMakeFiles/cmTryCompileExec2686263736.dir/CheckSymbolExists.c.o: In function `main':
CheckSymbolExists.c:(.text+0x16): undefined reference to `pthread_create'
collect2: error: ld returned 1 exit status
make[1]: Leaving directory `/home/evan/Dev/CG/Lab5/lab5/build/CMakeFiles/CMakeTmp'
make[1]: *** [cmTryCompileExec2686263736] Error 1
make: *** [cmTryCompileExec2686263736/fast] Error 2

File /home/evan/Dev/CG/Lab5/lab5/build/CMakeFiles/CMakeTmp/CheckSymbolExists.c:
/* */
#include <pthread.h>

int main(int argc, char** argv)
{
  (void)argv;
#ifndef pthread_create
  return ((int*)(&pthread_create))[argc];
#else
  (void)argc;
  return 0;
#endif
}

Determining if the function pthread_create exists in the pthreads failed with the following output:
Change Dir: /home/evan/Dev/CG/Lab5/lab5/build/CMakeFiles/CMakeTmp

Run Build Command:/usr/bin/make "cmTryCompileExec4188755062/fast"
/usr/bin/make -f CMakeFiles/cmTryCompileExec4188755062.dir/build.make CMakeFiles/cmTryCompileExec4188755062.dir/build
make[1]: Entering directory `/home/evan/Dev/CG/Lab5/lab5/build/CMakeFiles/CMakeTmp'
/usr/bin/cmake -E cmake_progress_report /home/evan/Dev/CG/Lab5/lab5/build/CMakeFiles/CMakeTmp/CMakeFiles 1
Building C object CMakeFiles/cmTryCompileExec4188755062.dir/CheckFunctionExists.c.o
/usr/bin/cc   -DCHECK_FUNCTION_EXISTS=pthread_create   -o CMakeFiles/cmTryCompileExec4188755062.dir/CheckFunctionExists.c.o   -c /usr/share/cmake-2.8/Modules/CheckFunctionExists.c
Linking C executable cmTryCompileExec4188755062
/usr/bin/cmake -E cmake_link_script CMakeFiles/cmTryCompileExec4188755062.dir/link.txt --verbose=1
/usr/bin/cc   -DCHECK_FUNCTION_EXISTS=pthread_create    CMakeFiles/cmTryCompileExec4188755062.dir/CheckFunctionExists.c.o  -o cmTryCompileExec4188755062 -rdynamic -lpthreads 
/usr/bin/ld: cannot find -lpthreads
collect2: error: ld returned 1 exit status
make[1]: *** [cmTryCompileExec4188755062] Error 1
make[1]: Leaving directory `/home/evan/Dev/CG/Lab5/lab5/build/CMakeFiles/CMakeTmp'
make: *** [cmTryCompileExec4188755062/fast] Error 2


Determining if the function glXGetProcAddressEXT exists failed with the following output:
Change Dir: /home/evan/Dev/CG/Lab5/lab5/build/CMakeFiles/CMakeTmp

Run Build Command:/usr/bin/make "cmTryCompileExec733542524/fast"
/usr/bin/make -f CMakeFiles/cmTryCompileExec733542524.dir/build.make CMakeFiles/cmTryCompileExec733542524.dir/build
make[1]: Entering directory `/home/evan/Dev/CG/Lab5/lab5/build/CMakeFiles/CMakeTmp'
/usr/bin/cmake -E cmake_progress_report /home/evan/Dev/CG/Lab5/lab5/build/CMakeFiles/CMakeTmp/CMakeFiles 1
Building C object CMakeFiles/cmTryCompileExec733542524.dir/CheckFunctionExists.c.o
/usr/bin/cc   -DCHECK_FUNCTION_EXISTS=glXGetProcAddressEXT   -o CMakeFiles/cmTryCompileExec733542524.dir/CheckFunctionExists.c.o   -c /usr/share/cmake-2.8/Modules/CheckFunctionExists.c
Linking C executable cmTryCompileExec733542524
/usr/bin/cmake -E cmake_link_script CMakeFiles/cmTryCompileExec733542524.dir/link.txt --verbose=1
/usr/bin/cc   -DCHECK_FUNCTION_EXISTS=glXGetProcAddressEXT    CMakeFiles/cmTryCompileExec733542524.dir/CheckFunctionExists.c.o  -o cmTryCompileExec733542524 -rdynamic -lGL 
CMakeFiles/cmTryCompileExec733542524.dir/CheckFunctionExists.c.o: In function `main':
CheckFunctionExists.c:(.text+0x15): undefined reference to `glXGetProcAddressEXT'
collect2: error: ld returned 1 exit status
make[1]: *** [cmTryCompileExec733542524] Error 1
make[1]: Leaving directory `/home/evan/Dev/CG/Lab5/lab5/build/CMakeFiles/CMakeTmp'
make: *** [cmTryCompileExec733542524/fast] Error 2


