Determining if the pthread_create exist failed with the following output:
Change Dir: /home/evan/Dev/CG/Lab4/build/CMakeFiles/CMakeTmp

Run Build Command:/usr/bin/make "cmTryCompileExec119122064/fast"
/usr/bin/make -f CMakeFiles/cmTryCompileExec119122064.dir/build.make CMakeFiles/cmTryCompileExec119122064.dir/build
make[1]: Entering directory `/home/evan/Dev/CG/Lab4/build/CMakeFiles/CMakeTmp'
/usr/bin/cmake -E cmake_progress_report /home/evan/Dev/CG/Lab4/build/CMakeFiles/CMakeTmp/CMakeFiles 1
Building C object CMakeFiles/cmTryCompileExec119122064.dir/CheckSymbolExists.c.o
/usr/bin/cc    -o CMakeFiles/cmTryCompileExec119122064.dir/CheckSymbolExists.c.o   -c /home/evan/Dev/CG/Lab4/build/CMakeFiles/CMakeTmp/CheckSymbolExists.c
Linking C executable cmTryCompileExec119122064
/usr/bin/cmake -E cmake_link_script CMakeFiles/cmTryCompileExec119122064.dir/link.txt --verbose=1
/usr/bin/cc       CMakeFiles/cmTryCompileExec119122064.dir/CheckSymbolExists.c.o  -o cmTryCompileExec119122064 -rdynamic 
CMakeFiles/cmTryCompileExec119122064.dir/CheckSymbolExists.c.o: In function `main':
CheckSymbolExists.c:(.text+0x16): undefined reference to `pthread_create'
collect2: error: ld returned 1 exit status
make[1]: Leaving directory `/home/evan/Dev/CG/Lab4/build/CMakeFiles/CMakeTmp'
make[1]: *** [cmTryCompileExec119122064] Error 1
make: *** [cmTryCompileExec119122064/fast] Error 2

File /home/evan/Dev/CG/Lab4/build/CMakeFiles/CMakeTmp/CheckSymbolExists.c:
/* */
#include <pthread.h>

int main(int argc, char** argv)
{
  (void)argv;
#ifndef pthread_create
  return ((int*)(&pthread_create))[argc];
#else
  (void)argc;
  return 0;
#endif
}

Determining if the function pthread_create exists in the pthreads failed with the following output:
Change Dir: /home/evan/Dev/CG/Lab4/build/CMakeFiles/CMakeTmp

Run Build Command:/usr/bin/make "cmTryCompileExec1092135456/fast"
/usr/bin/make -f CMakeFiles/cmTryCompileExec1092135456.dir/build.make CMakeFiles/cmTryCompileExec1092135456.dir/build
make[1]: Entering directory `/home/evan/Dev/CG/Lab4/build/CMakeFiles/CMakeTmp'
/usr/bin/cmake -E cmake_progress_report /home/evan/Dev/CG/Lab4/build/CMakeFiles/CMakeTmp/CMakeFiles 1
Building C object CMakeFiles/cmTryCompileExec1092135456.dir/CheckFunctionExists.c.o
/usr/bin/cc   -DCHECK_FUNCTION_EXISTS=pthread_create   -o CMakeFiles/cmTryCompileExec1092135456.dir/CheckFunctionExists.c.o   -c /usr/share/cmake-2.8/Modules/CheckFunctionExists.c
Linking C executable cmTryCompileExec1092135456
/usr/bin/cmake -E cmake_link_script CMakeFiles/cmTryCompileExec1092135456.dir/link.txt --verbose=1
/usr/bin/cc   -DCHECK_FUNCTION_EXISTS=pthread_create    CMakeFiles/cmTryCompileExec1092135456.dir/CheckFunctionExists.c.o  -o cmTryCompileExec1092135456 -rdynamic -lpthreads 
/usr/bin/ld: cannot find -lpthreads
collect2: error: ld returned 1 exit status
make[1]: *** [cmTryCompileExec1092135456] Error 1
make[1]: Leaving directory `/home/evan/Dev/CG/Lab4/build/CMakeFiles/CMakeTmp'
make: *** [cmTryCompileExec1092135456/fast] Error 2


Determining if the function glXGetProcAddressEXT exists failed with the following output:
Change Dir: /home/evan/Dev/CG/Lab4/build/CMakeFiles/CMakeTmp

Run Build Command:/usr/bin/make "cmTryCompileExec914519663/fast"
/usr/bin/make -f CMakeFiles/cmTryCompileExec914519663.dir/build.make CMakeFiles/cmTryCompileExec914519663.dir/build
make[1]: Entering directory `/home/evan/Dev/CG/Lab4/build/CMakeFiles/CMakeTmp'
/usr/bin/cmake -E cmake_progress_report /home/evan/Dev/CG/Lab4/build/CMakeFiles/CMakeTmp/CMakeFiles 1
Building C object CMakeFiles/cmTryCompileExec914519663.dir/CheckFunctionExists.c.o
/usr/bin/cc   -DCHECK_FUNCTION_EXISTS=glXGetProcAddressEXT   -o CMakeFiles/cmTryCompileExec914519663.dir/CheckFunctionExists.c.o   -c /usr/share/cmake-2.8/Modules/CheckFunctionExists.c
Linking C executable cmTryCompileExec914519663
/usr/bin/cmake -E cmake_link_script CMakeFiles/cmTryCompileExec914519663.dir/link.txt --verbose=1
/usr/bin/cc   -DCHECK_FUNCTION_EXISTS=glXGetProcAddressEXT    CMakeFiles/cmTryCompileExec914519663.dir/CheckFunctionExists.c.o  -o cmTryCompileExec914519663 -rdynamic -lGL 
CMakeFiles/cmTryCompileExec914519663.dir/CheckFunctionExists.c.o: In function `main':
CheckFunctionExists.c:(.text+0x15): undefined reference to `glXGetProcAddressEXT'
collect2: error: ld returned 1 exit status
make[1]: Leaving directory `/home/evan/Dev/CG/Lab4/build/CMakeFiles/CMakeTmp'
make[1]: *** [cmTryCompileExec914519663] Error 1
make: *** [cmTryCompileExec914519663/fast] Error 2


