Determining if the pthread_create exist failed with the following output:
Change Dir: /home/evan/Dev/CG/Lab6/lab6-distrib/build/CMakeFiles/CMakeTmp

Run Build Command:/usr/bin/make "cmTryCompileExec1600716888/fast"
/usr/bin/make -f CMakeFiles/cmTryCompileExec1600716888.dir/build.make CMakeFiles/cmTryCompileExec1600716888.dir/build
make[1]: Entering directory `/home/evan/Dev/CG/Lab6/lab6-distrib/build/CMakeFiles/CMakeTmp'
/usr/bin/cmake -E cmake_progress_report /home/evan/Dev/CG/Lab6/lab6-distrib/build/CMakeFiles/CMakeTmp/CMakeFiles 1
Building C object CMakeFiles/cmTryCompileExec1600716888.dir/CheckSymbolExists.c.o
/usr/bin/cc    -o CMakeFiles/cmTryCompileExec1600716888.dir/CheckSymbolExists.c.o   -c /home/evan/Dev/CG/Lab6/lab6-distrib/build/CMakeFiles/CMakeTmp/CheckSymbolExists.c
Linking C executable cmTryCompileExec1600716888
/usr/bin/cmake -E cmake_link_script CMakeFiles/cmTryCompileExec1600716888.dir/link.txt --verbose=1
/usr/bin/cc       CMakeFiles/cmTryCompileExec1600716888.dir/CheckSymbolExists.c.o  -o cmTryCompileExec1600716888 -rdynamic 
CMakeFiles/cmTryCompileExec1600716888.dir/CheckSymbolExists.c.o: In function `main':
CheckSymbolExists.c:(.text+0x16): undefined reference to `pthread_create'
collect2: error: ld returned 1 exit status
make[1]: Leaving directory `/home/evan/Dev/CG/Lab6/lab6-distrib/build/CMakeFiles/CMakeTmp'
make[1]: *** [cmTryCompileExec1600716888] Error 1
make: *** [cmTryCompileExec1600716888/fast] Error 2

File /home/evan/Dev/CG/Lab6/lab6-distrib/build/CMakeFiles/CMakeTmp/CheckSymbolExists.c:
/* */
#include <pthread.h>

int main(int argc, char** argv)
{
  (void)argv;
#ifndef pthread_create
  return ((int*)(&pthread_create))[argc];
#else
  (void)argc;
  return 0;
#endif
}

Determining if the function pthread_create exists in the pthreads failed with the following output:
Change Dir: /home/evan/Dev/CG/Lab6/lab6-distrib/build/CMakeFiles/CMakeTmp

Run Build Command:/usr/bin/make "cmTryCompileExec3723859212/fast"
/usr/bin/make -f CMakeFiles/cmTryCompileExec3723859212.dir/build.make CMakeFiles/cmTryCompileExec3723859212.dir/build
make[1]: Entering directory `/home/evan/Dev/CG/Lab6/lab6-distrib/build/CMakeFiles/CMakeTmp'
/usr/bin/cmake -E cmake_progress_report /home/evan/Dev/CG/Lab6/lab6-distrib/build/CMakeFiles/CMakeTmp/CMakeFiles 1
Building C object CMakeFiles/cmTryCompileExec3723859212.dir/CheckFunctionExists.c.o
/usr/bin/cc   -DCHECK_FUNCTION_EXISTS=pthread_create   -o CMakeFiles/cmTryCompileExec3723859212.dir/CheckFunctionExists.c.o   -c /usr/share/cmake-2.8/Modules/CheckFunctionExists.c
Linking C executable cmTryCompileExec3723859212
/usr/bin/cmake -E cmake_link_script CMakeFiles/cmTryCompileExec3723859212.dir/link.txt --verbose=1
/usr/bin/cc   -DCHECK_FUNCTION_EXISTS=pthread_create    CMakeFiles/cmTryCompileExec3723859212.dir/CheckFunctionExists.c.o  -o cmTryCompileExec3723859212 -rdynamic -lpthreads 
/usr/bin/ld: cannot find -lpthreads
collect2: error: ld returned 1 exit status
make[1]: *** [cmTryCompileExec3723859212] Error 1
make[1]: Leaving directory `/home/evan/Dev/CG/Lab6/lab6-distrib/build/CMakeFiles/CMakeTmp'
make: *** [cmTryCompileExec3723859212/fast] Error 2


Determining if the function glXGetProcAddressEXT exists failed with the following output:
Change Dir: /home/evan/Dev/CG/Lab6/lab6-distrib/build/CMakeFiles/CMakeTmp

Run Build Command:/usr/bin/make "cmTryCompileExec1524422993/fast"
/usr/bin/make -f CMakeFiles/cmTryCompileExec1524422993.dir/build.make CMakeFiles/cmTryCompileExec1524422993.dir/build
make[1]: Entering directory `/home/evan/Dev/CG/Lab6/lab6-distrib/build/CMakeFiles/CMakeTmp'
/usr/bin/cmake -E cmake_progress_report /home/evan/Dev/CG/Lab6/lab6-distrib/build/CMakeFiles/CMakeTmp/CMakeFiles 1
Building C object CMakeFiles/cmTryCompileExec1524422993.dir/CheckFunctionExists.c.o
/usr/bin/cc   -DCHECK_FUNCTION_EXISTS=glXGetProcAddressEXT   -o CMakeFiles/cmTryCompileExec1524422993.dir/CheckFunctionExists.c.o   -c /usr/share/cmake-2.8/Modules/CheckFunctionExists.c
Linking C executable cmTryCompileExec1524422993
/usr/bin/cmake -E cmake_link_script CMakeFiles/cmTryCompileExec1524422993.dir/link.txt --verbose=1
/usr/bin/cc   -DCHECK_FUNCTION_EXISTS=glXGetProcAddressEXT    CMakeFiles/cmTryCompileExec1524422993.dir/CheckFunctionExists.c.o  -o cmTryCompileExec1524422993 -rdynamic -lGL 
CMakeFiles/cmTryCompileExec1524422993.dir/CheckFunctionExists.c.o: In function `main':
CheckFunctionExists.c:(.text+0x15): undefined reference to `glXGetProcAddressEXT'
collect2: error: ld returned 1 exit status
make[1]: *** [cmTryCompileExec1524422993] Error 1
make[1]: Leaving directory `/home/evan/Dev/CG/Lab6/lab6-distrib/build/CMakeFiles/CMakeTmp'
make: *** [cmTryCompileExec1524422993/fast] Error 2


